<?xml version="1.0" encoding="UTF-8"?>
<testng-results ignored="0" total="1" passed="1" failed="0" skipped="0">
  <reporter-output>
  </reporter-output>
  <suite started-at="2022-11-25T13:10:05 IST" name="Default suite" finished-at="2022-11-25T13:10:08 IST" duration-ms="3529">
    <groups>
    </groups>
    <test started-at="2022-11-25T13:10:05 IST" name="Default test" finished-at="2022-11-25T13:10:08 IST" duration-ms="3529">
      <class name="APIAutomationtest.Restpractise.BasicAPItest">
        <test-method signature="Posttest()[pri:0, instance:APIAutomationtest.Restpractise.BasicAPItest@290222c1]" started-at="2022-11-25T13:10:05 IST" name="Posttest" finished-at="2022-11-25T13:10:08 IST" duration-ms="3469" status="PASS">
          <reporter-output>
          </reporter-output>
        </test-method> <!-- Posttest -->
      </class> <!-- APIAutomationtest.Restpractise.BasicAPItest -->
    </test> <!-- Default test -->
  </suite> <!-- Default suite -->
</testng-results>
