<?xml version="1.0" encoding="UTF-8"?>
<!-- Generated by org.testng.reporters.JUnitXMLReporter -->
<testsuite ignored="9" hostname="LAPTOP-APF9I65P" failures="0" tests="1" name="Default test" time="5.533" errors="0" timestamp="2022-11-28T22:50:47 IST">
  <testcase classname="APIAutomationtestRest.RestAssured.BasicAPI" name="Jasonpathtest" time="5.477"/>
  <testcase classname="APIAutomationtestRest.RestAssured.BasicAPI" name="GET" time="0.0">
    <ignored/>
  </testcase> <!-- GET -->
  <testcase classname="APIAutomationtestRest.RestAssured.BasicAPI" name="Delete" time="0.0">
    <ignored/>
  </testcase> <!-- Delete -->
  <testcase classname="APIAutomationtestRest.RestAssured.BasicAPI" name="POSTwithjsonfile" time="0.0">
    <ignored/>
  </testcase> <!-- POSTwithjsonfile -->
  <testcase classname="APIAutomationtestRest.RestAssured.BasicAPI" name="PATCH" time="0.0">
    <ignored/>
  </testcase> <!-- PATCH -->
  <testcase classname="APIAutomationtestRest.RestAssured.BasicAPI" name="PATCHUsingDataProvider" time="0.0">
    <ignored/>
  </testcase> <!-- PATCHUsingDataProvider -->
  <testcase classname="APIAutomationtestRest.RestAssured.BasicAPI" name="POSTPOJOCheck" time="0.0">
    <ignored/>
  </testcase> <!-- POSTPOJOCheck -->
  <testcase classname="APIAutomationtestRest.RestAssured.BasicAPI" name="PUT" time="0.0">
    <ignored/>
  </testcase> <!-- PUT -->
  <testcase classname="APIAutomationtestRest.RestAssured.BasicAPI" name="POSTwithHashMap" time="0.0">
    <ignored/>
  </testcase> <!-- POSTwithHashMap -->
  <testcase classname="APIAutomationtestRest.RestAssured.BasicAPI" name="POST" time="0.0">
    <ignored/>
  </testcase> <!-- POST -->
</testsuite> <!-- Default test -->
