<?xml version="1.0" encoding="UTF-8"?>
<testng-results ignored="0" total="1" passed="1" failed="0" skipped="0">
  <reporter-output>
  </reporter-output>
  <suite started-at="2022-11-04T23:29:53 IST" name="Suite" finished-at="2022-11-04T23:29:53 IST" duration-ms="42">
    <groups>
    </groups>
    <test started-at="2022-11-04T23:29:53 IST" name="Test" finished-at="2022-11-04T23:29:53 IST" duration-ms="42">
      <class name="testcases.TestNgscript1">
        <test-method is-config="true" signature="beforeclass()[pri:0, instance:testcases.TestNgscript1@fa49800]" started-at="2022-11-04T23:29:53 IST" name="beforeclass" finished-at="2022-11-04T23:29:53 IST" duration-ms="6" status="PASS">
          <reporter-output>
          </reporter-output>
        </test-method> <!-- beforeclass -->
        <test-method is-config="true" signature="beforemethod()[pri:0, instance:testcases.TestNgscript1@fa49800]" started-at="2022-11-04T23:29:53 IST" name="beforemethod" finished-at="2022-11-04T23:29:53 IST" duration-ms="0" status="PASS">
          <reporter-output>
          </reporter-output>
        </test-method> <!-- beforemethod -->
        <test-method signature="firsttest()[pri:0, instance:testcases.TestNgscript1@fa49800]" started-at="2022-11-04T23:29:53 IST" name="firsttest" finished-at="2022-11-04T23:29:53 IST" duration-ms="5" status="PASS">
          <reporter-output>
          </reporter-output>
        </test-method> <!-- firsttest -->
        <test-method is-config="true" signature="aftermethod()[pri:0, instance:testcases.TestNgscript1@fa49800]" started-at="2022-11-04T23:29:53 IST" name="aftermethod" finished-at="2022-11-04T23:29:53 IST" duration-ms="1" status="PASS">
          <reporter-output>
          </reporter-output>
        </test-method> <!-- aftermethod -->
      </class> <!-- testcases.TestNgscript1 -->
    </test> <!-- Test -->
  </suite> <!-- Suite -->
</testng-results>
